{
  "RSpec": {
    "coverage": {
      "/Users/timothyfisher/makers/final-project/SpotiFive/app/helpers/application_helper.rb": {
        "lines": [
          1,
          null
        ]
      },
      "/Users/timothyfisher/makers/final-project/SpotiFive/app/helpers/games_helper.rb": {
        "lines": [
          1,
          null
        ]
      },
      "/Users/timothyfisher/makers/final-project/SpotiFive/app/helpers/home_helper.rb": {
        "lines": [
          1,
          null
        ]
      },
      "/Users/timothyfisher/makers/final-project/SpotiFive/app/helpers/result_helper.rb": {
        "lines": [
          1,
          null
        ]
      },
      "/Users/timothyfisher/makers/final-project/SpotiFive/app/helpers/scoreboard_helper.rb": {
        "lines": [
          1,
          null
        ]
      },
      "/Users/timothyfisher/makers/final-project/SpotiFive/app/helpers/sessions_helper.rb": {
        "lines": [
          1,
          null
        ]
      },
      "/Users/timothyfisher/makers/final-project/SpotiFive/app/helpers/users_helper.rb": {
        "lines": [
          1,
          null
        ]
      },
      "/Users/timothyfisher/makers/final-project/SpotiFive/app/controllers/scoreboard_controller.rb": {
        "lines": [
          1,
          1,
          2,
          1,
          1,
          1,
          1,
          1,
          1,
          1,
          1,
          1,
          0,
          null,
          1,
          null,
          1,
          null,
          2,
          1,
          null,
          1,
          null,
          null,
          null
        ]
      },
      "/Users/timothyfisher/makers/final-project/SpotiFive/app/controllers/application_controller.rb": {
        "lines": [
          1,
          1,
          null
        ]
      },
      "/Users/timothyfisher/makers/final-project/SpotiFive/app/models/user.rb": {
        "lines": [
          1,
          1,
          null
        ]
      },
      "/Users/timothyfisher/makers/final-project/SpotiFive/app/models/application_record.rb": {
        "lines": [
          1,
          1,
          null
        ]
      }
    },
    "timestamp": 1662535523
  }
}
