{
  "RSpec": {
    "coverage": {
      "/Users/timothyfisher/makers/final-project/SpotiFive/app/helpers/application_helper.rb": {
        "lines": [
          1,
          null
        ]
      },
      "/Users/timothyfisher/makers/final-project/SpotiFive/app/helpers/games_helper.rb": {
        "lines": [
          1,
          null
        ]
      },
      "/Users/timothyfisher/makers/final-project/SpotiFive/app/helpers/home_helper.rb": {
        "lines": [
          1,
          null
        ]
      },
      "/Users/timothyfisher/makers/final-project/SpotiFive/app/helpers/scoreboard_helper.rb": {
        "lines": [
          1,
          null
        ]
      },
      "/Users/timothyfisher/makers/final-project/SpotiFive/app/helpers/sessions_helper.rb": {
        "lines": [
          1,
          null
        ]
      },
      "/Users/timothyfisher/makers/final-project/SpotiFive/app/helpers/users_helper.rb": {
        "lines": [
          1,
          null
        ]
      },
      "/Users/timothyfisher/makers/final-project/SpotiFive/app/controllers/scoreboard_controller.rb": {
        "lines": [
          1,
          1,
          3,
          1,
          1,
          1,
          1,
          1,
          1,
          1,
          1,
          1,
          0,
          null,
          1,
          null,
          1,
          null,
          2,
          1,
          null,
          2,
          null,
          null,
          null
        ]
      },
      "/Users/timothyfisher/makers/final-project/SpotiFive/app/controllers/application_controller.rb": {
        "lines": [
          1,
          1,
          null
        ]
      },
      "/Users/timothyfisher/makers/final-project/SpotiFive/spec/features/game_page_spec.rb": {
        "lines": [
          1,
          null,
          1,
          1,
          1,
          null,
          0,
          0,
          null,
          null,
          1,
          1,
          null,
          0,
          null,
          null,
          1,
          1,
          null,
          0,
          null,
          null,
          1,
          1,
          null,
          0,
          null,
          null
        ]
      },
      "/Users/timothyfisher/makers/final-project/SpotiFive/spec/features/home_welcome_page_spec.rb": {
        "lines": [
          1,
          null,
          1,
          1,
          1,
          null,
          1,
          0,
          0,
          0,
          null,
          null,
          null,
          1,
          1,
          null,
          1,
          0,
          null,
          null,
          1,
          1,
          null,
          1,
          0,
          null,
          null
        ]
      },
      "/Users/timothyfisher/makers/final-project/SpotiFive/spec/features/user_can_submit_posts_spec.rb": {
        "lines": [
          1,
          null,
          1,
          1,
          1,
          1,
          0,
          0,
          0,
          null,
          null
        ]
      },
      "/Users/timothyfisher/makers/final-project/SpotiFive/spec/helpers/games_helper_spec.rb": {
        "lines": [
          1,
          null,
          null,
          null,
          null,
          null,
          null,
          null,
          null,
          null,
          null,
          null,
          1,
          1,
          null
        ]
      },
      "/Users/timothyfisher/makers/final-project/SpotiFive/spec/helpers/home_helper_spec.rb": {
        "lines": [
          1,
          null,
          null,
          null,
          null,
          null,
          null,
          null,
          null,
          null,
          null,
          null,
          1,
          1,
          null
        ]
      },
      "/Users/timothyfisher/makers/final-project/SpotiFive/spec/helpers/scoreboard_helper_spec.rb": {
        "lines": [
          1,
          null,
          null,
          null,
          null,
          null,
          null,
          null,
          null,
          null,
          null,
          null,
          1,
          1,
          null
        ]
      },
      "/Users/timothyfisher/makers/final-project/SpotiFive/spec/helpers/sessions_helper_spec.rb": {
        "lines": [
          1,
          null,
          null,
          null,
          null,
          null,
          null,
          null,
          null,
          null,
          null,
          null,
          1,
          1,
          null
        ]
      },
      "/Users/timothyfisher/makers/final-project/SpotiFive/spec/helpers/users_helper_spec.rb": {
        "lines": [
          1,
          null,
          null,
          null,
          null,
          null,
          null,
          null,
          null,
          null,
          null,
          null,
          1,
          1,
          null
        ]
      },
      "/Users/timothyfisher/makers/final-project/SpotiFive/spec/models/game_spec.rb": {
        "lines": [
          1,
          null,
          1,
          1,
          null
        ]
      },
      "/Users/timothyfisher/makers/final-project/SpotiFive/app/models/game.rb": {
        "lines": [
          1,
          1,
          null
        ]
      },
      "/Users/timothyfisher/makers/final-project/SpotiFive/app/models/application_record.rb": {
        "lines": [
          1,
          1,
          null
        ]
      },
      "/Users/timothyfisher/makers/final-project/SpotiFive/spec/models/post_spec.rb": {
        "lines": [
          1,
          null,
          1,
          2,
          null
        ]
      },
      "/Users/timothyfisher/makers/final-project/SpotiFive/app/models/post.rb": {
        "lines": [
          1,
          null
        ]
      },
      "/Users/timothyfisher/makers/final-project/SpotiFive/spec/models/user_spec.rb": {
        "lines": [
          1,
          null,
          1,
          1,
          null
        ]
      },
      "/Users/timothyfisher/makers/final-project/SpotiFive/app/models/user.rb": {
        "lines": [
          1,
          1,
          null
        ]
      },
      "/Users/timothyfisher/makers/final-project/SpotiFive/spec/requests/games_spec.rb": {
        "lines": [
          1,
          null,
          null,
          null,
          null,
          null,
          null,
          null,
          null,
          null,
          null,
          null,
          null,
          null,
          1,
          null,
          null,
          null,
          1,
          8,
          null,
          null,
          1,
          0,
          null,
          null,
          1,
          1,
          1,
          0,
          0,
          null,
          null,
          null,
          1,
          1,
          1,
          0,
          0,
          null,
          null,
          null,
          1,
          1,
          1,
          0,
          null,
          null,
          null,
          1,
          1,
          1,
          0,
          0,
          null,
          null,
          null,
          1,
          1,
          1,
          1,
          1,
          null,
          null,
          null,
          1,
          1,
          0,
          null,
          null,
          null,
          1,
          1,
          1,
          1,
          null,
          null,
          null,
          1,
          1,
          0,
          null,
          null,
          null,
          null,
          1,
          1,
          1,
          0,
          null,
          null,
          1,
          1,
          0,
          0,
          0,
          null,
          null,
          1,
          1,
          0,
          0,
          0,
          null,
          null,
          null,
          1,
          1,
          1,
          0,
          0,
          null,
          null,
          null,
          null,
          1,
          1,
          1,
          0,
          0,
          null,
          null,
          null,
          1,
          1,
          0,
          0,
          null,
          null,
          null
        ]
      },
      "/Users/timothyfisher/makers/final-project/SpotiFive/spec/requests/home_spec.rb": {
        "lines": [
          1,
          null,
          1,
          1,
          1,
          null,
          null
        ]
      },
      "/Users/timothyfisher/makers/final-project/SpotiFive/spec/requests/scoreboard_spec.rb": {
        "lines": [
          1,
          null,
          1,
          1,
          1,
          1,
          1,
          null,
          null,
          null,
          null
        ]
      },
      "/Users/timothyfisher/makers/final-project/SpotiFive/spec/requests/sessions_spec.rb": {
        "lines": [
          1,
          null,
          1,
          1,
          1,
          null,
          null
        ]
      },
      "/Users/timothyfisher/makers/final-project/SpotiFive/spec/requests/users_spec.rb": {
        "lines": [
          1,
          null,
          null,
          null,
          null,
          null,
          null,
          null,
          null,
          null,
          null,
          null,
          null,
          null,
          1,
          null,
          null,
          null,
          1,
          8,
          null,
          null,
          1,
          0,
          null,
          null,
          1,
          1,
          1,
          0,
          0,
          null,
          null,
          null,
          1,
          1,
          1,
          0,
          0,
          null,
          null,
          null,
          1,
          1,
          1,
          0,
          null,
          null,
          null,
          1,
          1,
          1,
          0,
          0,
          null,
          null,
          null,
          1,
          1,
          1,
          1,
          1,
          null,
          null,
          null,
          1,
          1,
          0,
          null,
          null,
          null,
          1,
          1,
          1,
          1,
          null,
          null,
          null,
          1,
          1,
          0,
          null,
          null,
          null,
          null,
          1,
          1,
          1,
          0,
          null,
          null,
          1,
          1,
          0,
          0,
          0,
          null,
          null,
          1,
          1,
          0,
          0,
          0,
          null,
          null,
          null,
          1,
          1,
          1,
          0,
          0,
          null,
          null,
          null,
          null,
          1,
          1,
          1,
          0,
          0,
          null,
          null,
          null,
          1,
          1,
          0,
          0,
          null,
          null,
          null
        ]
      },
      "/Users/timothyfisher/makers/final-project/SpotiFive/spec/routing/games_routing_spec.rb": {
        "lines": [
          1,
          null,
          1,
          1,
          1,
          1,
          null,
          null,
          1,
          1,
          null,
          null,
          1,
          1,
          null,
          null,
          1,
          1,
          null,
          null,
          null,
          1,
          1,
          null,
          null,
          1,
          1,
          null,
          null,
          1,
          1,
          null,
          null,
          1,
          1,
          null,
          null,
          null
        ]
      },
      "/Users/timothyfisher/makers/final-project/SpotiFive/app/controllers/games_controller.rb": {
        "lines": [
          1,
          1,
          null,
          null,
          1,
          4,
          4,
          0,
          0,
          null,
          0,
          0,
          0,
          0,
          0,
          0,
          0,
          null,
          null,
          null,
          1,
          null,
          null,
          null,
          1,
          0,
          null,
          null,
          null,
          1,
          null,
          null,
          null,
          1,
          0,
          null,
          0,
          0,
          0,
          0,
          null,
          0,
          0,
          null,
          null,
          null,
          null,
          null,
          1,
          0,
          0,
          0,
          0,
          null,
          0,
          0,
          null,
          null,
          null,
          null,
          null,
          1,
          0,
          null,
          0,
          0,
          0,
          null,
          null,
          null,
          1,
          null,
          null,
          1,
          0,
          null,
          null,
          null,
          1,
          0,
          null,
          null,
          1,
          0,
          null,
          0,
          0,
          0,
          0,
          0,
          0,
          null,
          0,
          null,
          0,
          null,
          null
        ]
      },
      "/Users/timothyfisher/makers/final-project/SpotiFive/spec/routing/scoreboard_routing_spec.rb": {
        "lines": [
          1,
          null,
          1,
          1,
          1,
          1,
          null,
          null,
          null
        ]
      },
      "/Users/timothyfisher/makers/final-project/SpotiFive/spec/routing/users_routing_spec.rb": {
        "lines": [
          1,
          null,
          1,
          1,
          1,
          1,
          null,
          null,
          1,
          1,
          null,
          null,
          1,
          1,
          null,
          null,
          1,
          1,
          null,
          null,
          null,
          1,
          1,
          null,
          null,
          1,
          1,
          null,
          null,
          1,
          1,
          null,
          null,
          1,
          1,
          null,
          null,
          null
        ]
      },
      "/Users/timothyfisher/makers/final-project/SpotiFive/app/controllers/users_controller.rb": {
        "lines": [
          1,
          1,
          null,
          null,
          1,
          0,
          null,
          null,
          null,
          1,
          null,
          null,
          null,
          1,
          0,
          null,
          null,
          null,
          1,
          null,
          null,
          null,
          1,
          0,
          null,
          0,
          0,
          0,
          0,
          null,
          0,
          0,
          null,
          null,
          null,
          null,
          null,
          1,
          0,
          0,
          0,
          0,
          null,
          0,
          0,
          null,
          null,
          null,
          null,
          null,
          1,
          0,
          null,
          0,
          0,
          0,
          null,
          null,
          null,
          1,
          null,
          1,
          0,
          null,
          null,
          null,
          1,
          0,
          null,
          null
        ]
      },
      "/Users/timothyfisher/makers/final-project/SpotiFive/spec/views/games/edit.html.erb_spec.rb": {
        "lines": [
          1,
          null,
          1,
          1,
          1,
          null,
          null,
          null,
          null,
          null,
          null,
          null,
          1,
          0,
          null,
          0,
          null,
          0,
          null,
          0,
          null,
          0,
          null,
          0,
          null,
          null,
          null
        ]
      },
      "/Users/timothyfisher/makers/final-project/SpotiFive/spec/views/games/index.html.erb_spec.rb": {
        "lines": [
          1,
          null,
          1,
          1,
          1,
          null,
          null,
          null,
          null,
          null,
          null,
          null,
          null,
          null,
          null,
          null,
          null,
          null,
          null,
          null,
          1,
          0,
          0,
          0,
          0,
          0,
          null,
          null
        ]
      },
      "/Users/timothyfisher/makers/final-project/SpotiFive/spec/views/games/new.html.erb_spec.rb": {
        "lines": [
          1,
          null,
          1,
          1,
          1,
          null,
          null,
          null,
          null,
          null,
          null,
          null,
          1,
          1,
          null,
          0,
          null,
          0,
          null,
          0,
          null,
          0,
          null,
          0,
          null,
          null,
          null
        ]
      },
      "/Users/timothyfisher/makers/final-project/SpotiFive/spec/views/games/show.html.erb_spec.rb": {
        "lines": [
          1,
          null,
          1,
          1,
          1,
          null,
          null,
          null,
          null,
          null,
          null,
          null,
          1,
          0,
          0,
          0,
          0,
          0,
          null,
          null
        ]
      },
      "/Users/timothyfisher/makers/final-project/SpotiFive/spec/views/scoreboard/index.html.erb_spec.rb": {
        "lines": [
          1,
          null,
          1,
          null,
          null,
          1,
          1,
          null,
          null,
          null,
          null,
          null,
          null,
          null,
          null,
          null,
          null,
          null,
          null,
          null,
          null,
          null,
          null,
          null,
          null,
          null,
          null,
          null,
          1,
          1,
          0,
          0,
          0,
          0,
          0,
          0,
          0,
          0,
          0,
          0,
          0,
          0,
          null,
          null
        ]
      },
      "/Users/timothyfisher/makers/final-project/SpotiFive/spec/views/users/edit.html.erb_spec.rb": {
        "lines": [
          1,
          null,
          1,
          1,
          1,
          null,
          null,
          null,
          null,
          null,
          null,
          null,
          null,
          null,
          null,
          1,
          1,
          null,
          0,
          null,
          0,
          null,
          0,
          null,
          0,
          null,
          0,
          null,
          0,
          null,
          0,
          null,
          0,
          null,
          null,
          null
        ]
      },
      "/Users/timothyfisher/makers/final-project/SpotiFive/spec/views/users/index.html.erb_spec.rb": {
        "lines": [
          1,
          null,
          1,
          1,
          1,
          null,
          null,
          null,
          null,
          null,
          null,
          null,
          null,
          null,
          null,
          null,
          null,
          null,
          null,
          null,
          null,
          null,
          null,
          null,
          null,
          null,
          1,
          1,
          0,
          0,
          0,
          0,
          0,
          0,
          0,
          null,
          null
        ]
      },
      "/Users/timothyfisher/makers/final-project/SpotiFive/spec/views/users/new.html.erb_spec.rb": {
        "lines": [
          1,
          null,
          1,
          1,
          1,
          null,
          null,
          null,
          null,
          null,
          null,
          null,
          null,
          null,
          null,
          1,
          1,
          null,
          0,
          null,
          0,
          null,
          0,
          null,
          0,
          null,
          0,
          null,
          0,
          null,
          0,
          null,
          0,
          null,
          null,
          null
        ]
      },
      "/Users/timothyfisher/makers/final-project/SpotiFive/spec/views/users/show.html.erb_spec.rb": {
        "lines": [
          1,
          null,
          1,
          1,
          1,
          null,
          null,
          null,
          null,
          null,
          null,
          null,
          null,
          null,
          null,
          1,
          1,
          0,
          0,
          0,
          0,
          0,
          0,
          0,
          null,
          null
        ]
      },
      "/Users/timothyfisher/makers/final-project/SpotiFive/app/controllers/home_controller.rb": {
        "lines": [
          1,
          1,
          3,
          0,
          0,
          0,
          0,
          0,
          null,
          3,
          null,
          null,
          null
        ]
      },
      "/Users/timothyfisher/makers/final-project/SpotiFive/app/controllers/sessions_controller.rb": {
        "lines": [
          1,
          1,
          4,
          4,
          null,
          null,
          1,
          0,
          0,
          0,
          0,
          0,
          0,
          0,
          0,
          0,
          0,
          0,
          0,
          null,
          0,
          null,
          0,
          0,
          0,
          0,
          null,
          0,
          0,
          null,
          null,
          0,
          null,
          null,
          1,
          0,
          null,
          null,
          1,
          0,
          0,
          null,
          null,
          1,
          0,
          null,
          0,
          0,
          0,
          0,
          0,
          0,
          null,
          0,
          null,
          0,
          null,
          null
        ]
      }
    },
    "timestamp": 1662455587
  }
}
